{"C:\\Users\\manue\\Documents\\Unidad_3_R1\\lenios-rellenos-app\\backend\\src\\app.ts": {"path":"C:\\Users\\manue\\Documents\\Unidad_3_R1\\lenios-rellenos-app\\backend\\src\\app.ts","statementMap":{"0":{"start":{"line":1,"column":0},"end":{"line":1,"column":43}},"1":{"start":{"line":2,"column":0},"end":{"line":2,"column":24}},"2":{"start":{"line":3,"column":0},"end":{"line":3,"column":52}},"3":{"start":{"line":4,"column":0},"end":{"line":4,"column":48}},"4":{"start":{"line":5,"column":0},"end":{"line":5,"column":46}},"5":{"start":{"line":6,"column":0},"end":{"line":6,"column":63}},"6":{"start":{"line":7,"column":0},"end":{"line":7,"column":46}},"7":{"start":{"line":9,"column":25},"end":{"line":29,"column":1}},"8":{"start":{"line":10,"column":14},"end":{"line":10,"column":23}},"9":{"start":{"line":13,"column":2},"end":{"line":13,"column":18}},"10":{"start":{"line":14,"column":2},"end":{"line":14,"column":26}},"11":{"start":{"line":17,"column":2},"end":{"line":19,"column":5}},"12":{"start":{"line":18,"column":4},"end":{"line":18,"column":80}},"13":{"start":{"line":22,"column":2},"end":{"line":22,"column":46}},"14":{"start":{"line":23,"column":2},"end":{"line":23,"column":42}},"15":{"start":{"line":24,"column":2},"end":{"line":24,"column":38}},"16":{"start":{"line":25,"column":2},"end":{"line":25,"column":57}},"17":{"start":{"line":26,"column":2},"end":{"line":26,"column":34}},"18":{"start":{"line":28,"column":2},"end":{"line":28,"column":13}},"19":{"start":{"line":9,"column":13},"end":{"line":9,"column":25}},"20":{"start":{"line":31,"column":13},"end":{"line":31,"column":31}},"21":{"start":{"line":32,"column":0},"end":{"line":32,"column":19}}},"fnMap":{"0":{"name":"(anonymous_1)","decl":{"start":{"line":9,"column":25},"end":{"line":9,"column":37}},"loc":{"start":{"line":9,"column":39},"end":{"line":29,"column":1}}},"1":{"name":"(anonymous_2)","decl":{"start":{"line":17,"column":21},"end":{"line":17,"column":22}},"loc":{"start":{"line":17,"column":35},"end":{"line":19,"column":3}}}},"branchMap":{},"s":{"0":4,"1":4,"2":4,"3":4,"4":4,"5":4,"6":4,"7":4,"8":4,"9":4,"10":4,"11":4,"12":0,"13":4,"14":4,"15":4,"16":4,"17":4,"18":4,"19":4,"20":4,"21":4},"f":{"0":4,"1":0},"b":{}}
,"C:\\Users\\manue\\Documents\\Unidad_3_R1\\lenios-rellenos-app\\backend\\src\\controllers\\admin-product.controller.ts": {"path":"C:\\Users\\manue\\Documents\\Unidad_3_R1\\lenios-rellenos-app\\backend\\src\\controllers\\admin-product.controller.ts","statementMap":{"0":{"start":{"line":2,"column":0},"end":{"line":2,"column":null}},"1":{"start":{"line":7,"column":0},"end":{"line":7,"column":57}},"2":{"start":{"line":15,"column":4},"end":{"line":46,"column":5}},"3":{"start":{"line":16,"column":21},"end":{"line":16,"column":31}},"4":{"start":{"line":17,"column":23},"end":{"line":17,"column":33}},"5":{"start":{"line":19,"column":6},"end":{"line":22,"column":7}},"6":{"start":{"line":20,"column":8},"end":{"line":20,"column":97}},"7":{"start":{"line":21,"column":8},"end":{"line":21,"column":15}},"8":{"start":{"line":24,"column":26},"end":{"line":24,"column":63}},"9":{"start":{"line":25,"column":6},"end":{"line":33,"column":7}},"10":{"start":{"line":26,"column":23},"end":{"line":26,"column":90}},"11":{"start":{"line":27,"column":30},"end":{"line":27,"column":74}},"12":{"start":{"line":27,"column":53},"end":{"line":27,"column":62}},"13":{"start":{"line":28,"column":8},"end":{"line":31,"column":11}},"14":{"start":{"line":32,"column":8},"end":{"line":32,"column":15}},"15":{"start":{"line":35,"column":29},"end":{"line":35,"column":95}},"16":{"start":{"line":37,"column":6},"end":{"line":40,"column":7}},"17":{"start":{"line":38,"column":8},"end":{"line":38,"column":85}},"18":{"start":{"line":39,"column":8},"end":{"line":39,"column":15}},"19":{"start":{"line":42,"column":6},"end":{"line":42,"column":43}},"20":{"start":{"line":44,"column":6},"end":{"line":44,"column":57}},"21":{"start":{"line":45,"column":6},"end":{"line":45,"column":91}},"22":{"start":{"line":54,"column":4},"end":{"line":60,"column":5}},"23":{"start":{"line":55,"column":23},"end":{"line":55,"column":65}},"24":{"start":{"line":56,"column":6},"end":{"line":56,"column":37}},"25":{"start":{"line":58,"column":6},"end":{"line":58,"column":64}},"26":{"start":{"line":59,"column":6},"end":{"line":59,"column":80}},"27":{"start":{"line":68,"column":4},"end":{"line":88,"column":5}},"28":{"start":{"line":69,"column":26},"end":{"line":69,"column":65}},"29":{"start":{"line":70,"column":6},"end":{"line":77,"column":7}},"30":{"start":{"line":71,"column":23},"end":{"line":71,"column":90}},"31":{"start":{"line":72,"column":8},"end":{"line":75,"column":11}},"32":{"start":{"line":73,"column":72},"end":{"line":73,"column":81}},"33":{"start":{"line":76,"column":8},"end":{"line":76,"column":15}},"34":{"start":{"line":79,"column":25},"end":{"line":79,"column":77}},"35":{"start":{"line":80,"column":6},"end":{"line":80,"column":39}},"36":{"start":{"line":82,"column":6},"end":{"line":85,"column":7}},"37":{"start":{"line":83,"column":8},"end":{"line":83,"column":80}},"38":{"start":{"line":84,"column":8},"end":{"line":84,"column":15}},"39":{"start":{"line":86,"column":6},"end":{"line":86,"column":55}},"40":{"start":{"line":87,"column":6},"end":{"line":87,"column":76}},"41":{"start":{"line":96,"column":4},"end":{"line":125,"column":5}},"42":{"start":{"line":97,"column":21},"end":{"line":97,"column":31}},"43":{"start":{"line":98,"column":23},"end":{"line":98,"column":33}},"44":{"start":{"line":100,"column":6},"end":{"line":103,"column":7}},"45":{"start":{"line":101,"column":8},"end":{"line":101,"column":97}},"46":{"start":{"line":102,"column":8},"end":{"line":102,"column":15}},"47":{"start":{"line":105,"column":26},"end":{"line":105,"column":65}},"48":{"start":{"line":106,"column":6},"end":{"line":113,"column":7}},"49":{"start":{"line":107,"column":23},"end":{"line":107,"column":90}},"50":{"start":{"line":108,"column":8},"end":{"line":111,"column":11}},"51":{"start":{"line":109,"column":72},"end":{"line":109,"column":81}},"52":{"start":{"line":112,"column":8},"end":{"line":112,"column":15}},"53":{"start":{"line":115,"column":29},"end":{"line":115,"column":91}},"54":{"start":{"line":116,"column":6},"end":{"line":119,"column":7}},"55":{"start":{"line":117,"column":8},"end":{"line":117,"column":85}},"56":{"start":{"line":118,"column":8},"end":{"line":118,"column":15}},"57":{"start":{"line":121,"column":6},"end":{"line":121,"column":43}},"58":{"start":{"line":123,"column":6},"end":{"line":123,"column":60}},"59":{"start":{"line":124,"column":6},"end":{"line":124,"column":81}},"60":{"start":{"line":133,"column":4},"end":{"line":152,"column":5}},"61":{"start":{"line":134,"column":21},"end":{"line":134,"column":31}},"62":{"start":{"line":135,"column":23},"end":{"line":135,"column":33}},"63":{"start":{"line":137,"column":6},"end":{"line":140,"column":7}},"64":{"start":{"line":138,"column":8},"end":{"line":138,"column":97}},"65":{"start":{"line":139,"column":8},"end":{"line":139,"column":15}},"66":{"start":{"line":142,"column":22},"end":{"line":142,"column":65}},"67":{"start":{"line":143,"column":6},"end":{"line":146,"column":7}},"68":{"start":{"line":144,"column":8},"end":{"line":144,"column":85}},"69":{"start":{"line":145,"column":8},"end":{"line":145,"column":15}},"70":{"start":{"line":148,"column":6},"end":{"line":148,"column":36}},"71":{"start":{"line":150,"column":6},"end":{"line":150,"column":68}},"72":{"start":{"line":151,"column":6},"end":{"line":151,"column":87}},"73":{"start":{"line":160,"column":4},"end":{"line":179,"column":5}},"74":{"start":{"line":161,"column":21},"end":{"line":161,"column":31}},"75":{"start":{"line":162,"column":23},"end":{"line":162,"column":33}},"76":{"start":{"line":164,"column":6},"end":{"line":167,"column":7}},"77":{"start":{"line":165,"column":8},"end":{"line":165,"column":97}},"78":{"start":{"line":166,"column":8},"end":{"line":166,"column":15}},"79":{"start":{"line":169,"column":22},"end":{"line":169,"column":66}},"80":{"start":{"line":170,"column":6},"end":{"line":173,"column":7}},"81":{"start":{"line":171,"column":8},"end":{"line":171,"column":85}},"82":{"start":{"line":172,"column":8},"end":{"line":172,"column":15}},"83":{"start":{"line":175,"column":6},"end":{"line":175,"column":93}},"84":{"start":{"line":177,"column":6},"end":{"line":177,"column":58}},"85":{"start":{"line":178,"column":6},"end":{"line":178,"column":79}},"86":{"start":{"line":9,"column":0},"end":{"line":9,"column":13}},"87":{"start":{"line":183,"column":13},"end":{"line":183,"column":67}},"88":{"start":{"line":184,"column":0},"end":{"line":184,"column":38}}},"fnMap":{"0":{"name":"(anonymous_1)","decl":{"start":{"line":14,"column":2},"end":{"line":14,"column":7}},"loc":{"start":{"line":14,"column":47},"end":{"line":47,"column":3}}},"1":{"name":"(anonymous_2)","decl":{"start":{"line":27,"column":41},"end":{"line":27,"column":42}},"loc":{"start":{"line":27,"column":53},"end":{"line":27,"column":62}}},"2":{"name":"(anonymous_3)","decl":{"start":{"line":53,"column":2},"end":{"line":53,"column":7}},"loc":{"start":{"line":53,"column":42},"end":{"line":61,"column":3}}},"3":{"name":"(anonymous_4)","decl":{"start":{"line":67,"column":2},"end":{"line":67,"column":7}},"loc":{"start":{"line":67,"column":42},"end":{"line":89,"column":3}}},"4":{"name":"(anonymous_5)","decl":{"start":{"line":73,"column":60},"end":{"line":73,"column":61}},"loc":{"start":{"line":73,"column":72},"end":{"line":73,"column":81}}},"5":{"name":"(anonymous_6)","decl":{"start":{"line":95,"column":2},"end":{"line":95,"column":7}},"loc":{"start":{"line":95,"column":42},"end":{"line":126,"column":3}}},"6":{"name":"(anonymous_7)","decl":{"start":{"line":109,"column":60},"end":{"line":109,"column":61}},"loc":{"start":{"line":109,"column":72},"end":{"line":109,"column":81}}},"7":{"name":"(anonymous_8)","decl":{"start":{"line":132,"column":2},"end":{"line":132,"column":7}},"loc":{"start":{"line":132,"column":48},"end":{"line":153,"column":3}}},"8":{"name":"(anonymous_9)","decl":{"start":{"line":159,"column":2},"end":{"line":159,"column":7}},"loc":{"start":{"line":159,"column":42},"end":{"line":180,"column":3}}}},"branchMap":{"0":{"loc":{"start":{"line":19,"column":6},"end":{"line":22,"column":7}},"type":"if","locations":[{"start":{"line":19,"column":6},"end":{"line":22,"column":7}},{"start":{},"end":{}}]},"1":{"loc":{"start":{"line":19,"column":10},"end":{"line":19,"column":73}},"type":"binary-expr","locations":[{"start":{"line":19,"column":10},"end":{"line":19,"column":25}},{"start":{"line":19,"column":29},"end":{"line":19,"column":56}},{"start":{"line":19,"column":60},"end":{"line":19,"column":73}}]},"2":{"loc":{"start":{"line":25,"column":6},"end":{"line":33,"column":7}},"type":"if","locations":[{"start":{"line":25,"column":6},"end":{"line":33,"column":7}},{"start":{},"end":{}}]},"3":{"loc":{"start":{"line":26,"column":23},"end":{"line":26,"column":90}},"type":"binary-expr","locations":[{"start":{"line":26,"column":23},"end":{"line":26,"column":47}},{"start":{"line":26,"column":52},"end":{"line":26,"column":84}},{"start":{"line":26,"column":88},"end":{"line":26,"column":90}}]},"4":{"loc":{"start":{"line":37,"column":6},"end":{"line":40,"column":7}},"type":"if","locations":[{"start":{"line":37,"column":6},"end":{"line":40,"column":7}},{"start":{},"end":{}}]},"5":{"loc":{"start":{"line":70,"column":6},"end":{"line":77,"column":7}},"type":"if","locations":[{"start":{"line":70,"column":6},"end":{"line":77,"column":7}},{"start":{},"end":{}}]},"6":{"loc":{"start":{"line":71,"column":23},"end":{"line":71,"column":90}},"type":"binary-expr","locations":[{"start":{"line":71,"column":23},"end":{"line":71,"column":47}},{"start":{"line":71,"column":52},"end":{"line":71,"column":84}},{"start":{"line":71,"column":88},"end":{"line":71,"column":90}}]},"7":{"loc":{"start":{"line":82,"column":6},"end":{"line":85,"column":7}},"type":"if","locations":[{"start":{"line":82,"column":6},"end":{"line":85,"column":7}},{"start":{},"end":{}}]},"8":{"loc":{"start":{"line":100,"column":6},"end":{"line":103,"column":7}},"type":"if","locations":[{"start":{"line":100,"column":6},"end":{"line":103,"column":7}},{"start":{},"end":{}}]},"9":{"loc":{"start":{"line":100,"column":10},"end":{"line":100,"column":73}},"type":"binary-expr","locations":[{"start":{"line":100,"column":10},"end":{"line":100,"column":25}},{"start":{"line":100,"column":29},"end":{"line":100,"column":56}},{"start":{"line":100,"column":60},"end":{"line":100,"column":73}}]},"10":{"loc":{"start":{"line":106,"column":6},"end":{"line":113,"column":7}},"type":"if","locations":[{"start":{"line":106,"column":6},"end":{"line":113,"column":7}},{"start":{},"end":{}}]},"11":{"loc":{"start":{"line":107,"column":23},"end":{"line":107,"column":90}},"type":"binary-expr","locations":[{"start":{"line":107,"column":23},"end":{"line":107,"column":47}},{"start":{"line":107,"column":52},"end":{"line":107,"column":84}},{"start":{"line":107,"column":88},"end":{"line":107,"column":90}}]},"12":{"loc":{"start":{"line":116,"column":6},"end":{"line":119,"column":7}},"type":"if","locations":[{"start":{"line":116,"column":6},"end":{"line":119,"column":7}},{"start":{},"end":{}}]},"13":{"loc":{"start":{"line":137,"column":6},"end":{"line":140,"column":7}},"type":"if","locations":[{"start":{"line":137,"column":6},"end":{"line":140,"column":7}},{"start":{},"end":{}}]},"14":{"loc":{"start":{"line":137,"column":10},"end":{"line":137,"column":73}},"type":"binary-expr","locations":[{"start":{"line":137,"column":10},"end":{"line":137,"column":25}},{"start":{"line":137,"column":29},"end":{"line":137,"column":56}},{"start":{"line":137,"column":60},"end":{"line":137,"column":73}}]},"15":{"loc":{"start":{"line":143,"column":6},"end":{"line":146,"column":7}},"type":"if","locations":[{"start":{"line":143,"column":6},"end":{"line":146,"column":7}},{"start":{},"end":{}}]},"16":{"loc":{"start":{"line":164,"column":6},"end":{"line":167,"column":7}},"type":"if","locations":[{"start":{"line":164,"column":6},"end":{"line":167,"column":7}},{"start":{},"end":{}}]},"17":{"loc":{"start":{"line":164,"column":10},"end":{"line":164,"column":73}},"type":"binary-expr","locations":[{"start":{"line":164,"column":10},"end":{"line":164,"column":25}},{"start":{"line":164,"column":29},"end":{"line":164,"column":56}},{"start":{"line":164,"column":60},"end":{"line":164,"column":73}}]},"18":{"loc":{"start":{"line":170,"column":6},"end":{"line":173,"column":7}},"type":"if","locations":[{"start":{"line":170,"column":6},"end":{"line":173,"column":7}},{"start":{},"end":{}}]}},"s":{"0":4,"1":4,"2":4,"3":4,"4":4,"5":4,"6":1,"7":1,"8":3,"9":3,"10":1,"11":1,"12":1,"13":1,"14":1,"15":2,"16":2,"17":1,"18":1,"19":1,"20":0,"21":0,"22":1,"23":1,"24":1,"25":0,"26":0,"27":1,"28":1,"29":1,"30":0,"31":0,"32":0,"33":0,"34":1,"35":1,"36":0,"37":0,"38":0,"39":0,"40":0,"41":0,"42":0,"43":0,"44":0,"45":0,"46":0,"47":0,"48":0,"49":0,"50":0,"51":0,"52":0,"53":0,"54":0,"55":0,"56":0,"57":0,"58":0,"59":0,"60":1,"61":1,"62":1,"63":1,"64":0,"65":0,"66":1,"67":1,"68":0,"69":0,"70":1,"71":0,"72":0,"73":1,"74":1,"75":1,"76":1,"77":0,"78":0,"79":1,"80":1,"81":0,"82":0,"83":1,"84":0,"85":0,"86":4,"87":4,"88":4},"f":{"0":4,"1":1,"2":1,"3":1,"4":0,"5":0,"6":0,"7":1,"8":1},"b":{"0":[1,3],"1":[4,3,3],"2":[1,2],"3":[1,0,0],"4":[1,1],"5":[0,1],"6":[0,0,0],"7":[0,0],"8":[0,0],"9":[0,0,0],"10":[0,0],"11":[0,0,0],"12":[0,0],"13":[0,1],"14":[1,1,1],"15":[0,1],"16":[0,1],"17":[1,1,1],"18":[0,1]}}
,"C:\\Users\\manue\\Documents\\Unidad_3_R1\\lenios-rellenos-app\\backend\\src\\controllers\\ai.controller.ts": {"path":"C:\\Users\\manue\\Documents\\Unidad_3_R1\\lenios-rellenos-app\\backend\\src\\controllers\\ai.controller.ts","statementMap":{"0":{"start":{"line":2,"column":0},"end":{"line":2,"column":24}},"1":{"start":{"line":3,"column":0},"end":{"line":3,"column":42}},"2":{"start":{"line":4,"column":0},"end":{"line":4,"column":23}},"3":{"start":{"line":7,"column":24},"end":{"line":10,"column":2}},"4":{"start":{"line":13,"column":17},"end":{"line":18,"column":2}},"5":{"start":{"line":21,"column":16},"end":{"line":21,"column":104}},"6":{"start":{"line":22,"column":16},"end":{"line":28,"column":2}},"7":{"start":{"line":30,"column":15},"end":{"line":30,"column":72}},"8":{"start":{"line":30,"column":21},"end":{"line":30,"column":72}},"9":{"start":{"line":31,"column":15},"end":{"line":31,"column":72}},"10":{"start":{"line":31,"column":21},"end":{"line":31,"column":72}},"11":{"start":{"line":35,"column":15},"end":{"line":35,"column":89}},"12":{"start":{"line":38,"column":24},"end":{"line":38,"column":78}},"13":{"start":{"line":39,"column":19},"end":{"line":39,"column":78}},"14":{"start":{"line":40,"column":17},"end":{"line":40,"column":76}},"15":{"start":{"line":41,"column":19},"end":{"line":41,"column":94}},"16":{"start":{"line":42,"column":20},"end":{"line":42,"column":72}},"17":{"start":{"line":45,"column":22},"end":{"line":45,"column":55}},"18":{"start":{"line":45,"column":43},"end":{"line":45,"column":54}},"19":{"start":{"line":46,"column":19},"end":{"line":46,"column":54}},"20":{"start":{"line":46,"column":40},"end":{"line":46,"column":53}},"21":{"start":{"line":49,"column":17},"end":{"line":52,"column":38}},"22":{"start":{"line":50,"column":18},"end":{"line":50,"column":71}},"23":{"start":{"line":50,"column":45},"end":{"line":50,"column":63}},"24":{"start":{"line":51,"column":4},"end":{"line":51,"column":30}},"25":{"start":{"line":52,"column":20},"end":{"line":52,"column":37}},"26":{"start":{"line":54,"column":14},"end":{"line":54,"column":65}},"27":{"start":{"line":54,"column":33},"end":{"line":54,"column":44}},"28":{"start":{"line":54,"column":55},"end":{"line":54,"column":64}},"29":{"start":{"line":55,"column":22},"end":{"line":55,"column":107}},"30":{"start":{"line":59,"column":2},"end":{"line":61,"column":3}},"31":{"start":{"line":60,"column":4},"end":{"line":60,"column":264}},"32":{"start":{"line":63,"column":2},"end":{"line":65,"column":3}},"33":{"start":{"line":64,"column":4},"end":{"line":64,"column":124}},"34":{"start":{"line":67,"column":2},"end":{"line":69,"column":3}},"35":{"start":{"line":68,"column":4},"end":{"line":68,"column":301}},"36":{"start":{"line":71,"column":2},"end":{"line":75,"column":3}},"37":{"start":{"line":72,"column":18},"end":{"line":72,"column":93}},"38":{"start":{"line":72,"column":39},"end":{"line":72,"column":81}},"39":{"start":{"line":73,"column":23},"end":{"line":73,"column":119}},"40":{"start":{"line":73,"column":69},"end":{"line":73,"column":75}},"41":{"start":{"line":74,"column":4},"end":{"line":74,"column":104}},"42":{"start":{"line":77,"column":2},"end":{"line":80,"column":3}},"43":{"start":{"line":78,"column":22},"end":{"line":78,"column":75}},"44":{"start":{"line":78,"column":54},"end":{"line":78,"column":71}},"45":{"start":{"line":79,"column":4},"end":{"line":79,"column":231}},"46":{"start":{"line":83,"column":18},"end":{"line":83,"column":64}},"47":{"start":{"line":83,"column":40},"end":{"line":83,"column":63}},"48":{"start":{"line":84,"column":21},"end":{"line":84,"column":102}},"49":{"start":{"line":86,"column":2},"end":{"line":86,"column":288}},"50":{"start":{"line":89,"column":33},"end":{"line":134,"column":1}},"51":{"start":{"line":90,"column":2},"end":{"line":133,"column":3}},"52":{"start":{"line":91,"column":26},"end":{"line":91,"column":57}},"53":{"start":{"line":92,"column":28},"end":{"line":92,"column":41}},"54":{"start":{"line":94,"column":4},"end":{"line":94,"column":53}},"55":{"start":{"line":97,"column":4},"end":{"line":125,"column":5}},"56":{"start":{"line":98,"column":21},"end":{"line":98,"column":77}},"57":{"start":{"line":100,"column":22},"end":{"line":110,"column":8}},"58":{"start":{"line":105,"column":31},"end":{"line":105,"column":42}},"59":{"start":{"line":105,"column":53},"end":{"line":105,"column":99}},"60":{"start":{"line":106,"column":31},"end":{"line":106,"column":44}},"61":{"start":{"line":106,"column":55},"end":{"line":106,"column":78}},"62":{"start":{"line":112,"column":24},"end":{"line":115,"column":17}},"63":{"start":{"line":113,"column":21},"end":{"line":113,"column":38}},"64":{"start":{"line":114,"column":19},"end":{"line":114,"column":60}},"65":{"start":{"line":117,"column":6},"end":{"line":117,"column":54}},"66":{"start":{"line":118,"column":6},"end":{"line":118,"column":61}},"67":{"start":{"line":122,"column":6},"end":{"line":122,"column":64}},"68":{"start":{"line":123,"column":24},"end":{"line":123,"column":53}},"69":{"start":{"line":124,"column":6},"end":{"line":124,"column":61}},"70":{"start":{"line":128,"column":4},"end":{"line":130,"column":5}},"71":{"start":{"line":129,"column":6},"end":{"line":129,"column":103}},"72":{"start":{"line":131,"column":4},"end":{"line":131,"column":35}},"73":{"start":{"line":132,"column":4},"end":{"line":132,"column":89}},"74":{"start":{"line":89,"column":13},"end":{"line":89,"column":33}}},"fnMap":{"0":{"name":"(anonymous_1)","decl":{"start":{"line":30,"column":15},"end":{"line":30,"column":18}},"loc":{"start":{"line":30,"column":21},"end":{"line":30,"column":72}}},"1":{"name":"(anonymous_2)","decl":{"start":{"line":31,"column":15},"end":{"line":31,"column":18}},"loc":{"start":{"line":31,"column":21},"end":{"line":31,"column":72}}},"2":{"name":"generarRespuesta","decl":{"start":{"line":34,"column":9},"end":{"line":34,"column":25}},"loc":{"start":{"line":34,"column":45},"end":{"line":87,"column":1}}},"3":{"name":"(anonymous_4)","decl":{"start":{"line":45,"column":38},"end":{"line":45,"column":39}},"loc":{"start":{"line":45,"column":43},"end":{"line":45,"column":54}}},"4":{"name":"(anonymous_5)","decl":{"start":{"line":46,"column":35},"end":{"line":46,"column":36}},"loc":{"start":{"line":46,"column":40},"end":{"line":46,"column":53}}},"5":{"name":"(anonymous_6)","decl":{"start":{"line":49,"column":33},"end":{"line":49,"column":40}},"loc":{"start":{"line":49,"column":43},"end":{"line":52,"column":3}}},"6":{"name":"(anonymous_7)","decl":{"start":{"line":50,"column":38},"end":{"line":50,"column":41}},"loc":{"start":{"line":50,"column":45},"end":{"line":50,"column":63}}},"7":{"name":"(anonymous_8)","decl":{"start":{"line":52,"column":10},"end":{"line":52,"column":11}},"loc":{"start":{"line":52,"column":20},"end":{"line":52,"column":37}}},"8":{"name":"(anonymous_9)","decl":{"start":{"line":54,"column":28},"end":{"line":54,"column":29}},"loc":{"start":{"line":54,"column":33},"end":{"line":54,"column":44}}},"9":{"name":"(anonymous_10)","decl":{"start":{"line":54,"column":50},"end":{"line":54,"column":51}},"loc":{"start":{"line":54,"column":55},"end":{"line":54,"column":64}}},"10":{"name":"(anonymous_11)","decl":{"start":{"line":72,"column":34},"end":{"line":72,"column":35}},"loc":{"start":{"line":72,"column":39},"end":{"line":72,"column":81}}},"11":{"name":"(anonymous_12)","decl":{"start":{"line":73,"column":64},"end":{"line":73,"column":65}},"loc":{"start":{"line":73,"column":69},"end":{"line":73,"column":75}}},"12":{"name":"(anonymous_13)","decl":{"start":{"line":78,"column":44},"end":{"line":78,"column":45}},"loc":{"start":{"line":78,"column":54},"end":{"line":78,"column":71}}},"13":{"name":"(anonymous_14)","decl":{"start":{"line":83,"column":35},"end":{"line":83,"column":36}},"loc":{"start":{"line":83,"column":40},"end":{"line":83,"column":63}}},"14":{"name":"(anonymous_15)","decl":{"start":{"line":89,"column":33},"end":{"line":89,"column":38}},"loc":{"start":{"line":89,"column":71},"end":{"line":134,"column":1}}},"15":{"name":"(anonymous_16)","decl":{"start":{"line":105,"column":26},"end":{"line":105,"column":27}},"loc":{"start":{"line":105,"column":31},"end":{"line":105,"column":42}}},"16":{"name":"(anonymous_17)","decl":{"start":{"line":105,"column":48},"end":{"line":105,"column":49}},"loc":{"start":{"line":105,"column":53},"end":{"line":105,"column":99}}},"17":{"name":"(anonymous_18)","decl":{"start":{"line":106,"column":26},"end":{"line":106,"column":27}},"loc":{"start":{"line":106,"column":31},"end":{"line":106,"column":44}}},"18":{"name":"(anonymous_19)","decl":{"start":{"line":106,"column":50},"end":{"line":106,"column":51}},"loc":{"start":{"line":106,"column":55},"end":{"line":106,"column":78}}},"19":{"name":"(anonymous_20)","decl":{"start":{"line":113,"column":16},"end":{"line":113,"column":17}},"loc":{"start":{"line":113,"column":21},"end":{"line":113,"column":38}}},"20":{"name":"(anonymous_21)","decl":{"start":{"line":114,"column":13},"end":{"line":114,"column":14}},"loc":{"start":{"line":114,"column":19},"end":{"line":114,"column":60}}}},"branchMap":{"0":{"loc":{"start":{"line":55,"column":22},"end":{"line":55,"column":107}},"type":"cond-expr","locations":[{"start":{"line":55,"column":39},"end":{"line":55,"column":45}},{"start":{"line":55,"column":48},"end":{"line":55,"column":107}}]},"1":{"loc":{"start":{"line":59,"column":2},"end":{"line":61,"column":3}},"type":"if","locations":[{"start":{"line":59,"column":2},"end":{"line":61,"column":3}},{"start":{},"end":{}}]},"2":{"loc":{"start":{"line":63,"column":2},"end":{"line":65,"column":3}},"type":"if","locations":[{"start":{"line":63,"column":2},"end":{"line":65,"column":3}},{"start":{},"end":{}}]},"3":{"loc":{"start":{"line":67,"column":2},"end":{"line":69,"column":3}},"type":"if","locations":[{"start":{"line":67,"column":2},"end":{"line":69,"column":3}},{"start":{},"end":{}}]},"4":{"loc":{"start":{"line":71,"column":2},"end":{"line":75,"column":3}},"type":"if","locations":[{"start":{"line":71,"column":2},"end":{"line":75,"column":3}},{"start":{},"end":{}}]},"5":{"loc":{"start":{"line":73,"column":23},"end":{"line":73,"column":119}},"type":"cond-expr","locations":[{"start":{"line":73,"column":45},"end":{"line":73,"column":114}},{"start":{"line":73,"column":117},"end":{"line":73,"column":119}}]},"6":{"loc":{"start":{"line":77,"column":2},"end":{"line":80,"column":3}},"type":"if","locations":[{"start":{"line":77,"column":2},"end":{"line":80,"column":3}},{"start":{},"end":{}}]},"7":{"loc":{"start":{"line":84,"column":21},"end":{"line":84,"column":102}},"type":"cond-expr","locations":[{"start":{"line":84,"column":43},"end":{"line":84,"column":97}},{"start":{"line":84,"column":100},"end":{"line":84,"column":102}}]},"8":{"loc":{"start":{"line":86,"column":163},"end":{"line":86,"column":274}},"type":"cond-expr","locations":[{"start":{"line":86,"column":173},"end":{"line":86,"column":269}},{"start":{"line":86,"column":272},"end":{"line":86,"column":274}}]},"9":{"loc":{"start":{"line":128,"column":4},"end":{"line":130,"column":5}},"type":"if","locations":[{"start":{"line":128,"column":4},"end":{"line":130,"column":5}},{"start":{},"end":{}}]}},"s":{"0":4,"1":4,"2":4,"3":4,"4":4,"5":4,"6":4,"7":4,"8":0,"9":4,"10":0,"11":0,"12":0,"13":0,"14":0,"15":0,"16":0,"17":0,"18":0,"19":0,"20":0,"21":0,"22":0,"23":0,"24":0,"25":0,"26":0,"27":0,"28":0,"29":0,"30":0,"31":0,"32":0,"33":0,"34":0,"35":0,"36":0,"37":0,"38":0,"39":0,"40":0,"41":0,"42":0,"43":0,"44":0,"45":0,"46":0,"47":0,"48":0,"49":0,"50":4,"51":0,"52":0,"53":0,"54":0,"55":0,"56":0,"57":0,"58":0,"59":0,"60":0,"61":0,"62":0,"63":0,"64":0,"65":0,"66":0,"67":0,"68":0,"69":0,"70":0,"71":0,"72":0,"73":0,"74":4},"f":{"0":0,"1":0,"2":0,"3":0,"4":0,"5":0,"6":0,"7":0,"8":0,"9":0,"10":0,"11":0,"12":0,"13":0,"14":0,"15":0,"16":0,"17":0,"18":0,"19":0,"20":0},"b":{"0":[0,0],"1":[0,0],"2":[0,0],"3":[0,0],"4":[0,0],"5":[0,0],"6":[0,0],"7":[0,0],"8":[0,0],"9":[0,0]}}
,"C:\\Users\\manue\\Documents\\Unidad_3_R1\\lenios-rellenos-app\\backend\\src\\controllers\\auth.controller.ts": {"path":"C:\\Users\\manue\\Documents\\Unidad_3_R1\\lenios-rellenos-app\\backend\\src\\controllers\\auth.controller.ts","statementMap":{"0":{"start":{"line":2,"column":0},"end":{"line":2,"column":59}},"1":{"start":{"line":3,"column":0},"end":{"line":3,"column":51}},"2":{"start":{"line":11,"column":4},"end":{"line":34,"column":5}},"3":{"start":{"line":12,"column":26},"end":{"line":12,"column":57}},"4":{"start":{"line":14,"column":6},"end":{"line":22,"column":7}},"5":{"start":{"line":15,"column":23},"end":{"line":15,"column":90}},"6":{"start":{"line":16,"column":30},"end":{"line":16,"column":74}},"7":{"start":{"line":16,"column":53},"end":{"line":16,"column":62}},"8":{"start":{"line":17,"column":8},"end":{"line":20,"column":11}},"9":{"start":{"line":21,"column":8},"end":{"line":21,"column":15}},"10":{"start":{"line":24,"column":21},"end":{"line":24,"column":62}},"11":{"start":{"line":25,"column":6},"end":{"line":25,"column":35}},"12":{"start":{"line":27,"column":6},"end":{"line":30,"column":7}},"13":{"start":{"line":28,"column":8},"end":{"line":28,"column":75}},"14":{"start":{"line":29,"column":8},"end":{"line":29,"column":15}},"15":{"start":{"line":32,"column":6},"end":{"line":32,"column":54}},"16":{"start":{"line":33,"column":6},"end":{"line":33,"column":85}},"17":{"start":{"line":5,"column":0},"end":{"line":5,"column":13}},"18":{"start":{"line":38,"column":13},"end":{"line":38,"column":51}},"19":{"start":{"line":39,"column":0},"end":{"line":39,"column":30}}},"fnMap":{"0":{"name":"(anonymous_1)","decl":{"start":{"line":10,"column":2},"end":{"line":10,"column":7}},"loc":{"start":{"line":10,"column":41},"end":{"line":35,"column":3}}},"1":{"name":"(anonymous_2)","decl":{"start":{"line":16,"column":41},"end":{"line":16,"column":42}},"loc":{"start":{"line":16,"column":53},"end":{"line":16,"column":62}}}},"branchMap":{"0":{"loc":{"start":{"line":14,"column":6},"end":{"line":22,"column":7}},"type":"if","locations":[{"start":{"line":14,"column":6},"end":{"line":22,"column":7}},{"start":{},"end":{}}]},"1":{"loc":{"start":{"line":15,"column":23},"end":{"line":15,"column":90}},"type":"binary-expr","locations":[{"start":{"line":15,"column":23},"end":{"line":15,"column":47}},{"start":{"line":15,"column":52},"end":{"line":15,"column":84}},{"start":{"line":15,"column":88},"end":{"line":15,"column":90}}]},"2":{"loc":{"start":{"line":27,"column":6},"end":{"line":30,"column":7}},"type":"if","locations":[{"start":{"line":27,"column":6},"end":{"line":30,"column":7}},{"start":{},"end":{}}]}},"s":{"0":4,"1":4,"2":5,"3":5,"4":5,"5":2,"6":2,"7":2,"8":2,"9":2,"10":3,"11":1,"12":2,"13":2,"14":2,"15":0,"16":0,"17":4,"18":4,"19":4},"f":{"0":5,"1":2},"b":{"0":[2,3],"1":[2,0,0],"2":[2,0]}}
,"C:\\Users\\manue\\Documents\\Unidad_3_R1\\lenios-rellenos-app\\backend\\src\\controllers\\order.controller.ts": {"path":"C:\\Users\\manue\\Documents\\Unidad_3_R1\\lenios-rellenos-app\\backend\\src\\controllers\\order.controller.ts","statementMap":{"0":{"start":{"line":2,"column":0},"end":{"line":2,"column":66}},"1":{"start":{"line":3,"column":0},"end":{"line":3,"column":53}},"2":{"start":{"line":11,"column":4},"end":{"line":39,"column":5}},"3":{"start":{"line":12,"column":26},"end":{"line":12,"column":63}},"4":{"start":{"line":14,"column":6},"end":{"line":22,"column":7}},"5":{"start":{"line":15,"column":23},"end":{"line":15,"column":90}},"6":{"start":{"line":16,"column":30},"end":{"line":16,"column":74}},"7":{"start":{"line":16,"column":53},"end":{"line":16,"column":62}},"8":{"start":{"line":17,"column":8},"end":{"line":20,"column":11}},"9":{"start":{"line":21,"column":8},"end":{"line":21,"column":15}},"10":{"start":{"line":24,"column":26},"end":{"line":24,"column":74}},"11":{"start":{"line":25,"column":6},"end":{"line":25,"column":40}},"12":{"start":{"line":28,"column":6},"end":{"line":35,"column":7}},"13":{"start":{"line":33,"column":8},"end":{"line":33,"column":55}},"14":{"start":{"line":34,"column":8},"end":{"line":34,"column":15}},"15":{"start":{"line":37,"column":6},"end":{"line":37,"column":53}},"16":{"start":{"line":38,"column":6},"end":{"line":38,"column":77}},"17":{"start":{"line":5,"column":0},"end":{"line":5,"column":13}},"18":{"start":{"line":43,"column":13},"end":{"line":43,"column":53}},"19":{"start":{"line":44,"column":0},"end":{"line":44,"column":31}}},"fnMap":{"0":{"name":"(anonymous_1)","decl":{"start":{"line":10,"column":2},"end":{"line":10,"column":7}},"loc":{"start":{"line":10,"column":47},"end":{"line":40,"column":3}}},"1":{"name":"(anonymous_2)","decl":{"start":{"line":16,"column":41},"end":{"line":16,"column":42}},"loc":{"start":{"line":16,"column":53},"end":{"line":16,"column":62}}}},"branchMap":{"0":{"loc":{"start":{"line":14,"column":6},"end":{"line":22,"column":7}},"type":"if","locations":[{"start":{"line":14,"column":6},"end":{"line":22,"column":7}},{"start":{},"end":{}}]},"1":{"loc":{"start":{"line":15,"column":23},"end":{"line":15,"column":90}},"type":"binary-expr","locations":[{"start":{"line":15,"column":23},"end":{"line":15,"column":47}},{"start":{"line":15,"column":52},"end":{"line":15,"column":84}},{"start":{"line":15,"column":88},"end":{"line":15,"column":90}}]},"2":{"loc":{"start":{"line":28,"column":6},"end":{"line":35,"column":7}},"type":"if","locations":[{"start":{"line":28,"column":6},"end":{"line":35,"column":7}},{"start":{},"end":{}}]},"3":{"loc":{"start":{"line":29,"column":8},"end":{"line":31,"column":53}},"type":"binary-expr","locations":[{"start":{"line":29,"column":8},"end":{"line":29,"column":53}},{"start":{"line":30,"column":8},"end":{"line":30,"column":44}},{"start":{"line":31,"column":8},"end":{"line":31,"column":53}}]}},"s":{"0":4,"1":4,"2":8,"3":8,"4":8,"5":3,"6":3,"7":3,"8":3,"9":3,"10":5,"11":1,"12":4,"13":3,"14":3,"15":1,"16":1,"17":4,"18":4,"19":4},"f":{"0":8,"1":3},"b":{"0":[3,5],"1":[3,0,0],"2":[3,1],"3":[4,3,2]}}
,"C:\\Users\\manue\\Documents\\Unidad_3_R1\\lenios-rellenos-app\\backend\\src\\controllers\\product.controller.ts": {"path":"C:\\Users\\manue\\Documents\\Unidad_3_R1\\lenios-rellenos-app\\backend\\src\\controllers\\product.controller.ts","statementMap":{"0":{"start":{"line":2,"column":0},"end":{"line":2,"column":57}},"1":{"start":{"line":10,"column":4},"end":{"line":17,"column":5}},"2":{"start":{"line":11,"column":28},"end":{"line":11,"column":58}},"3":{"start":{"line":12,"column":23},"end":{"line":12,"column":73}},"4":{"start":{"line":13,"column":6},"end":{"line":13,"column":37}},"5":{"start":{"line":15,"column":6},"end":{"line":15,"column":58}},"6":{"start":{"line":16,"column":6},"end":{"line":16,"column":80}},"7":{"start":{"line":25,"column":4},"end":{"line":50,"column":5}},"8":{"start":{"line":26,"column":21},"end":{"line":26,"column":31}},"9":{"start":{"line":27,"column":23},"end":{"line":27,"column":33}},"10":{"start":{"line":30,"column":6},"end":{"line":35,"column":7}},"11":{"start":{"line":31,"column":8},"end":{"line":33,"column":11}},"12":{"start":{"line":34,"column":8},"end":{"line":34,"column":15}},"13":{"start":{"line":37,"column":22},"end":{"line":37,"column":67}},"14":{"start":{"line":39,"column":6},"end":{"line":44,"column":7}},"15":{"start":{"line":40,"column":8},"end":{"line":42,"column":11}},"16":{"start":{"line":43,"column":8},"end":{"line":43,"column":15}},"17":{"start":{"line":46,"column":6},"end":{"line":46,"column":36}},"18":{"start":{"line":48,"column":6},"end":{"line":48,"column":81}},"19":{"start":{"line":49,"column":6},"end":{"line":49,"column":78}},"20":{"start":{"line":4,"column":0},"end":{"line":4,"column":13}},"21":{"start":{"line":54,"column":13},"end":{"line":54,"column":57}},"22":{"start":{"line":55,"column":0},"end":{"line":55,"column":33}}},"fnMap":{"0":{"name":"(anonymous_1)","decl":{"start":{"line":9,"column":2},"end":{"line":9,"column":7}},"loc":{"start":{"line":9,"column":47},"end":{"line":18,"column":3}}},"1":{"name":"(anonymous_2)","decl":{"start":{"line":24,"column":2},"end":{"line":24,"column":7}},"loc":{"start":{"line":24,"column":50},"end":{"line":51,"column":3}}}},"branchMap":{"0":{"loc":{"start":{"line":30,"column":6},"end":{"line":35,"column":7}},"type":"if","locations":[{"start":{"line":30,"column":6},"end":{"line":35,"column":7}},{"start":{},"end":{}}]},"1":{"loc":{"start":{"line":30,"column":10},"end":{"line":30,"column":54}},"type":"binary-expr","locations":[{"start":{"line":30,"column":10},"end":{"line":30,"column":37}},{"start":{"line":30,"column":41},"end":{"line":30,"column":54}}]},"2":{"loc":{"start":{"line":39,"column":6},"end":{"line":44,"column":7}},"type":"if","locations":[{"start":{"line":39,"column":6},"end":{"line":44,"column":7}},{"start":{},"end":{}}]}},"s":{"0":4,"1":3,"2":3,"3":3,"4":2,"5":1,"6":1,"7":4,"8":4,"9":4,"10":4,"11":2,"12":2,"13":2,"14":2,"15":1,"16":1,"17":1,"18":0,"19":0,"20":4,"21":4,"22":4},"f":{"0":3,"1":4},"b":{"0":[2,2],"1":[4,3],"2":[1,1]}}
,"C:\\Users\\manue\\Documents\\Unidad_3_R1\\lenios-rellenos-app\\backend\\src\\middlewares\\auth.middleware.ts": {"path":"C:\\Users\\manue\\Documents\\Unidad_3_R1\\lenios-rellenos-app\\backend\\src\\middlewares\\auth.middleware.ts","statementMap":{"0":{"start":{"line":2,"column":0},"end":{"line":2,"column":63}},"1":{"start":{"line":11,"column":33},"end":{"line":36,"column":1}},"2":{"start":{"line":16,"column":21},"end":{"line":16,"column":46}},"3":{"start":{"line":18,"column":2},"end":{"line":23,"column":3}},"4":{"start":{"line":19,"column":4},"end":{"line":21,"column":7}},"5":{"start":{"line":22,"column":4},"end":{"line":22,"column":11}},"6":{"start":{"line":25,"column":16},"end":{"line":25,"column":40}},"7":{"start":{"line":27,"column":2},"end":{"line":35,"column":3}},"8":{"start":{"line":28,"column":20},"end":{"line":28,"column":38}},"9":{"start":{"line":29,"column":4},"end":{"line":29,"column":24}},"10":{"start":{"line":30,"column":4},"end":{"line":30,"column":11}},"11":{"start":{"line":32,"column":4},"end":{"line":34,"column":7}},"12":{"start":{"line":11,"column":13},"end":{"line":11,"column":33}}},"fnMap":{"0":{"name":"(anonymous_0)","decl":{"start":{"line":11,"column":33},"end":{"line":11,"column":null}},"loc":{"start":{"line":15,"column":10},"end":{"line":36,"column":1}}}},"branchMap":{"0":{"loc":{"start":{"line":18,"column":2},"end":{"line":23,"column":3}},"type":"if","locations":[{"start":{"line":18,"column":2},"end":{"line":23,"column":3}},{"start":{},"end":{}}]},"1":{"loc":{"start":{"line":18,"column":6},"end":{"line":18,"column":54}},"type":"binary-expr","locations":[{"start":{"line":18,"column":6},"end":{"line":18,"column":17}},{"start":{"line":18,"column":21},"end":{"line":18,"column":54}}]}},"s":{"0":4,"1":4,"2":10,"3":10,"4":1,"5":1,"6":9,"7":9,"8":9,"9":8,"10":8,"11":1,"12":4},"f":{"0":10},"b":{"0":[1,9],"1":[10,9]}}
,"C:\\Users\\manue\\Documents\\Unidad_3_R1\\lenios-rellenos-app\\backend\\src\\routes\\admin-product.routes.ts": {"path":"C:\\Users\\manue\\Documents\\Unidad_3_R1\\lenios-rellenos-app\\backend\\src\\routes\\admin-product.routes.ts","statementMap":{"0":{"start":{"line":1,"column":0},"end":{"line":1,"column":33}},"1":{"start":{"line":2,"column":0},"end":{"line":2,"column":77}},"2":{"start":{"line":3,"column":0},"end":{"line":3,"column":67}},"3":{"start":{"line":5,"column":15},"end":{"line":5,"column":23}},"4":{"start":{"line":8,"column":0},"end":{"line":8,"column":30}},"5":{"start":{"line":11,"column":0},"end":{"line":11,"column":71}},"6":{"start":{"line":11,"column":30},"end":{"line":11,"column":69}},"7":{"start":{"line":14,"column":0},"end":{"line":14,"column":72}},"8":{"start":{"line":14,"column":31},"end":{"line":14,"column":70}},"9":{"start":{"line":17,"column":0},"end":{"line":17,"column":85}},"10":{"start":{"line":17,"column":39},"end":{"line":17,"column":83}},"11":{"start":{"line":20,"column":0},"end":{"line":20,"column":74}},"12":{"start":{"line":20,"column":33},"end":{"line":20,"column":72}},"13":{"start":{"line":23,"column":0},"end":{"line":23,"column":89}},"14":{"start":{"line":23,"column":42},"end":{"line":23,"column":87}},"15":{"start":{"line":26,"column":0},"end":{"line":26,"column":77}},"16":{"start":{"line":26,"column":36},"end":{"line":26,"column":75}},"17":{"start":{"line":28,"column":0},"end":{"line":28,"column":22}}},"fnMap":{"0":{"name":"(anonymous_1)","decl":{"start":{"line":11,"column":16},"end":{"line":11,"column":17}},"loc":{"start":{"line":11,"column":30},"end":{"line":11,"column":69}}},"1":{"name":"(anonymous_2)","decl":{"start":{"line":14,"column":17},"end":{"line":14,"column":18}},"loc":{"start":{"line":14,"column":31},"end":{"line":14,"column":70}}},"2":{"name":"(anonymous_3)","decl":{"start":{"line":17,"column":25},"end":{"line":17,"column":26}},"loc":{"start":{"line":17,"column":39},"end":{"line":17,"column":83}}},"3":{"name":"(anonymous_4)","decl":{"start":{"line":20,"column":19},"end":{"line":20,"column":20}},"loc":{"start":{"line":20,"column":33},"end":{"line":20,"column":72}}},"4":{"name":"(anonymous_5)","decl":{"start":{"line":23,"column":28},"end":{"line":23,"column":29}},"loc":{"start":{"line":23,"column":42},"end":{"line":23,"column":87}}},"5":{"name":"(anonymous_6)","decl":{"start":{"line":26,"column":22},"end":{"line":26,"column":23}},"loc":{"start":{"line":26,"column":36},"end":{"line":26,"column":75}}}},"branchMap":{},"s":{"0":4,"1":4,"2":4,"3":4,"4":4,"5":4,"6":1,"7":4,"8":1,"9":4,"10":4,"11":4,"12":0,"13":4,"14":1,"15":4,"16":1,"17":4},"f":{"0":1,"1":1,"2":4,"3":0,"4":1,"5":1},"b":{}}
,"C:\\Users\\manue\\Documents\\Unidad_3_R1\\lenios-rellenos-app\\backend\\src\\routes\\ai.routes.ts": {"path":"C:\\Users\\manue\\Documents\\Unidad_3_R1\\lenios-rellenos-app\\backend\\src\\routes\\ai.routes.ts","statementMap":{"0":{"start":{"line":1,"column":0},"end":{"line":1,"column":33}},"1":{"start":{"line":2,"column":0},"end":{"line":2,"column":43}},"2":{"start":{"line":3,"column":0},"end":{"line":3,"column":65}},"3":{"start":{"line":5,"column":15},"end":{"line":5,"column":23}},"4":{"start":{"line":18,"column":19},"end":{"line":18,"column":27}},"5":{"start":{"line":8,"column":18},"end":{"line":14,"column":2}},"6":{"start":{"line":16,"column":0},"end":{"line":16,"column":57}}},"fnMap":{},"branchMap":{},"s":{"0":4,"1":4,"2":4,"3":4,"4":4,"5":4,"6":4},"f":{},"b":{}}
,"C:\\Users\\manue\\Documents\\Unidad_3_R1\\lenios-rellenos-app\\backend\\src\\routes\\auth.routes.ts": {"path":"C:\\Users\\manue\\Documents\\Unidad_3_R1\\lenios-rellenos-app\\backend\\src\\routes\\auth.routes.ts","statementMap":{"0":{"start":{"line":1,"column":0},"end":{"line":1,"column":33}},"1":{"start":{"line":2,"column":0},"end":{"line":2,"column":60}},"2":{"start":{"line":4,"column":15},"end":{"line":4,"column":23}},"3":{"start":{"line":7,"column":0},"end":{"line":7,"column":68}},"4":{"start":{"line":7,"column":36},"end":{"line":7,"column":66}},"5":{"start":{"line":9,"column":0},"end":{"line":9,"column":22}}},"fnMap":{"0":{"name":"(anonymous_1)","decl":{"start":{"line":7,"column":22},"end":{"line":7,"column":23}},"loc":{"start":{"line":7,"column":36},"end":{"line":7,"column":66}}}},"branchMap":{},"s":{"0":4,"1":4,"2":4,"3":4,"4":5,"5":4},"f":{"0":5},"b":{}}
,"C:\\Users\\manue\\Documents\\Unidad_3_R1\\lenios-rellenos-app\\backend\\src\\routes\\order.routes.ts": {"path":"C:\\Users\\manue\\Documents\\Unidad_3_R1\\lenios-rellenos-app\\backend\\src\\routes\\order.routes.ts","statementMap":{"0":{"start":{"line":1,"column":0},"end":{"line":1,"column":33}},"1":{"start":{"line":2,"column":0},"end":{"line":2,"column":62}},"2":{"start":{"line":4,"column":15},"end":{"line":4,"column":23}},"3":{"start":{"line":7,"column":0},"end":{"line":7,"column":70}},"4":{"start":{"line":7,"column":31},"end":{"line":7,"column":68}},"5":{"start":{"line":9,"column":0},"end":{"line":9,"column":22}}},"fnMap":{"0":{"name":"(anonymous_1)","decl":{"start":{"line":7,"column":17},"end":{"line":7,"column":18}},"loc":{"start":{"line":7,"column":31},"end":{"line":7,"column":68}}}},"branchMap":{},"s":{"0":4,"1":4,"2":4,"3":4,"4":8,"5":4},"f":{"0":8},"b":{}}
,"C:\\Users\\manue\\Documents\\Unidad_3_R1\\lenios-rellenos-app\\backend\\src\\routes\\product.routes.ts": {"path":"C:\\Users\\manue\\Documents\\Unidad_3_R1\\lenios-rellenos-app\\backend\\src\\routes\\product.routes.ts","statementMap":{"0":{"start":{"line":1,"column":0},"end":{"line":1,"column":33}},"1":{"start":{"line":2,"column":0},"end":{"line":2,"column":66}},"2":{"start":{"line":4,"column":15},"end":{"line":4,"column":23}},"3":{"start":{"line":7,"column":0},"end":{"line":7,"column":71}},"4":{"start":{"line":7,"column":30},"end":{"line":7,"column":69}},"5":{"start":{"line":10,"column":0},"end":{"line":10,"column":77}},"6":{"start":{"line":10,"column":33},"end":{"line":10,"column":75}},"7":{"start":{"line":12,"column":0},"end":{"line":12,"column":22}}},"fnMap":{"0":{"name":"(anonymous_1)","decl":{"start":{"line":7,"column":16},"end":{"line":7,"column":17}},"loc":{"start":{"line":7,"column":30},"end":{"line":7,"column":69}}},"1":{"name":"(anonymous_2)","decl":{"start":{"line":10,"column":19},"end":{"line":10,"column":20}},"loc":{"start":{"line":10,"column":33},"end":{"line":10,"column":75}}}},"branchMap":{},"s":{"0":4,"1":4,"2":4,"3":4,"4":3,"5":4,"6":4,"7":4},"f":{"0":3,"1":4},"b":{}}
,"C:\\Users\\manue\\Documents\\Unidad_3_R1\\lenios-rellenos-app\\backend\\src\\services\\auth.service.ts": {"path":"C:\\Users\\manue\\Documents\\Unidad_3_R1\\lenios-rellenos-app\\backend\\src\\services\\auth.service.ts","statementMap":{"0":{"start":{"line":1,"column":0},"end":{"line":1,"column":30}},"1":{"start":{"line":2,"column":0},"end":{"line":2,"column":31}},"2":{"start":{"line":4,"column":0},"end":{"line":4,"column":51}},"3":{"start":{"line":11,"column":18},"end":{"line":11,"column":42}},"4":{"start":{"line":14,"column":18},"end":{"line":16,"column":6}},"5":{"start":{"line":18,"column":4},"end":{"line":20,"column":5}},"6":{"start":{"line":19,"column":6},"end":{"line":19,"column":48}},"7":{"start":{"line":23,"column":28},"end":{"line":23,"column":83}},"8":{"start":{"line":24,"column":4},"end":{"line":26,"column":5}},"9":{"start":{"line":25,"column":6},"end":{"line":25,"column":48}},"10":{"start":{"line":29,"column":18},"end":{"line":32,"column":6}},"11":{"start":{"line":34,"column":4},"end":{"line":41,"column":6}},"12":{"start":{"line":6,"column":0},"end":{"line":6,"column":13}},"13":{"start":{"line":45,"column":13},"end":{"line":45,"column":45}},"14":{"start":{"line":46,"column":0},"end":{"line":46,"column":27}}},"fnMap":{"0":{"name":"(anonymous_1)","decl":{"start":{"line":10,"column":2},"end":{"line":10,"column":7}},"loc":{"start":{"line":10,"column":30},"end":{"line":42,"column":3}}}},"branchMap":{"0":{"loc":{"start":{"line":18,"column":4},"end":{"line":20,"column":5}},"type":"if","locations":[{"start":{"line":18,"column":4},"end":{"line":20,"column":5}},{"start":{},"end":{}}]},"1":{"loc":{"start":{"line":24,"column":4},"end":{"line":26,"column":5}},"type":"if","locations":[{"start":{"line":24,"column":4},"end":{"line":26,"column":5}},{"start":{},"end":{}}]}},"s":{"0":4,"1":4,"2":4,"3":3,"4":3,"5":3,"6":1,"7":2,"8":2,"9":1,"10":1,"11":1,"12":4,"13":4,"14":4},"f":{"0":3},"b":{"0":[1,2],"1":[1,1]}}
,"C:\\Users\\manue\\Documents\\Unidad_3_R1\\lenios-rellenos-app\\backend\\src\\services\\order.service.ts": {"path":"C:\\Users\\manue\\Documents\\Unidad_3_R1\\lenios-rellenos-app\\backend\\src\\services\\order.service.ts","statementMap":{"0":{"start":{"line":1,"column":0},"end":{"line":1,"column":31}},"1":{"start":{"line":4,"column":33},"end":{"line":4,"column":79}},"2":{"start":{"line":26,"column":20},"end":{"line":31,"column":17}},"3":{"start":{"line":29,"column":10},"end":{"line":29,"column":120}},"4":{"start":{"line":33,"column":18},"end":{"line":33,"column":59}},"5":{"start":{"line":34,"column":4},"end":{"line":34,"column":42}},"6":{"start":{"line":35,"column":4},"end":{"line":35,"column":60}},"7":{"start":{"line":36,"column":4},"end":{"line":36,"column":62}},"8":{"start":{"line":37,"column":4},"end":{"line":37,"column":65}},"9":{"start":{"line":38,"column":4},"end":{"line":38,"column":63}},"10":{"start":{"line":40,"column":4},"end":{"line":42,"column":5}},"11":{"start":{"line":41,"column":6},"end":{"line":41,"column":61}},"12":{"start":{"line":44,"column":4},"end":{"line":44,"column":80}},"13":{"start":{"line":46,"column":27},"end":{"line":46,"column":54}},"14":{"start":{"line":47,"column":16},"end":{"line":47,"column":82}},"15":{"start":{"line":49,"column":4},"end":{"line":49,"column":28}},"16":{"start":{"line":56,"column":61},"end":{"line":56,"column":65}},"17":{"start":{"line":59,"column":23},"end":{"line":59,"column":58}},"18":{"start":{"line":59,"column":43},"end":{"line":59,"column":57}},"19":{"start":{"line":60,"column":21},"end":{"line":64,"column":6}},"20":{"start":{"line":66,"column":23},"end":{"line":66,"column":62}},"21":{"start":{"line":66,"column":51},"end":{"line":66,"column":60}},"22":{"start":{"line":69,"column":43},"end":{"line":69,"column":45}},"23":{"start":{"line":70,"column":26},"end":{"line":70,"column":27}},"24":{"start":{"line":72,"column":4},"end":{"line":99,"column":5}},"25":{"start":{"line":73,"column":22},"end":{"line":73,"column":52}},"26":{"start":{"line":75,"column":6},"end":{"line":77,"column":7}},"27":{"start":{"line":76,"column":8},"end":{"line":76,"column":74}},"28":{"start":{"line":79,"column":6},"end":{"line":81,"column":7}},"29":{"start":{"line":80,"column":8},"end":{"line":80,"column":88}},"30":{"start":{"line":83,"column":6},"end":{"line":87,"column":7}},"31":{"start":{"line":84,"column":8},"end":{"line":86,"column":10}},"32":{"start":{"line":89,"column":23},"end":{"line":89,"column":52}},"33":{"start":{"line":90,"column":6},"end":{"line":90,"column":34}},"34":{"start":{"line":92,"column":6},"end":{"line":98,"column":9}},"35":{"start":{"line":102,"column":25},"end":{"line":139,"column":6}},"36":{"start":{"line":104,"column":6},"end":{"line":113,"column":7}},"37":{"start":{"line":105,"column":8},"end":{"line":112,"column":11}},"38":{"start":{"line":116,"column":6},"end":{"line":138,"column":9}},"39":{"start":{"line":124,"column":41},"end":{"line":128,"column":14}},"40":{"start":{"line":142,"column":59},"end":{"line":148,"column":null}},"41":{"start":{"line":151,"column":4},"end":{"line":155,"column":6}},"42":{"start":{"line":14,"column":0},"end":{"line":14,"column":13}},"43":{"start":{"line":159,"column":13},"end":{"line":159,"column":47}},"44":{"start":{"line":160,"column":0},"end":{"line":160,"column":28}}},"fnMap":{"0":{"name":"(anonymous_1)","decl":{"start":{"line":18,"column":2},"end":{"line":18,"column":25}},"loc":{"start":{"line":24,"column":18},"end":{"line":50,"column":3}}},"1":{"name":"(anonymous_2)","decl":{"start":{"line":28,"column":8},"end":{"line":28,"column":9}},"loc":{"start":{"line":29,"column":10},"end":{"line":29,"column":120}}},"2":{"name":"(anonymous_3)","decl":{"start":{"line":55,"column":2},"end":{"line":55,"column":7}},"loc":{"start":{"line":55,"column":42},"end":{"line":156,"column":3}}},"3":{"name":"(anonymous_4)","decl":{"start":{"line":59,"column":33},"end":{"line":59,"column":34}},"loc":{"start":{"line":59,"column":43},"end":{"line":59,"column":57}}},"4":{"name":"(anonymous_5)","decl":{"start":{"line":66,"column":44},"end":{"line":66,"column":45}},"loc":{"start":{"line":66,"column":51},"end":{"line":66,"column":60}}},"5":{"name":"(anonymous_6)","decl":{"start":{"line":102,"column":51},"end":{"line":102,"column":56}},"loc":{"start":{"line":102,"column":64},"end":{"line":139,"column":5}}},"6":{"name":"(anonymous_7)","decl":{"start":{"line":124,"column":30},"end":{"line":124,"column":31}},"loc":{"start":{"line":124,"column":41},"end":{"line":128,"column":14}}}},"branchMap":{"0":{"loc":{"start":{"line":4,"column":33},"end":{"line":4,"column":79}},"type":"binary-expr","locations":[{"start":{"line":4,"column":33},"end":{"line":4,"column":60}},{"start":{"line":4,"column":64},"end":{"line":4,"column":79}}]},"1":{"loc":{"start":{"line":40,"column":4},"end":{"line":42,"column":5}},"type":"if","locations":[{"start":{"line":40,"column":4},"end":{"line":42,"column":5}},{"start":{},"end":{}}]},"2":{"loc":{"start":{"line":40,"column":8},"end":{"line":40,"column":40}},"type":"binary-expr","locations":[{"start":{"line":40,"column":8},"end":{"line":40,"column":13}},{"start":{"line":40,"column":17},"end":{"line":40,"column":40}}]},"3":{"loc":{"start":{"line":75,"column":6},"end":{"line":77,"column":7}},"type":"if","locations":[{"start":{"line":75,"column":6},"end":{"line":77,"column":7}},{"start":{},"end":{}}]},"4":{"loc":{"start":{"line":79,"column":6},"end":{"line":81,"column":7}},"type":"if","locations":[{"start":{"line":79,"column":6},"end":{"line":81,"column":7}},{"start":{},"end":{}}]},"5":{"loc":{"start":{"line":83,"column":6},"end":{"line":87,"column":7}},"type":"if","locations":[{"start":{"line":83,"column":6},"end":{"line":87,"column":7}},{"start":{},"end":{}}]},"6":{"loc":{"start":{"line":120,"column":17},"end":{"line":120,"column":44}},"type":"cond-expr","locations":[{"start":{"line":120,"column":25},"end":{"line":120,"column":37}},{"start":{"line":120,"column":40},"end":{"line":120,"column":44}}]}},"s":{"0":4,"1":4,"2":1,"3":2,"4":1,"5":1,"6":1,"7":1,"8":1,"9":1,"10":1,"11":1,"12":1,"13":1,"14":1,"15":1,"16":5,"17":5,"18":6,"19":5,"20":4,"21":4,"22":4,"23":4,"24":4,"25":5,"26":5,"27":1,"28":4,"29":1,"30":3,"31":1,"32":2,"33":2,"34":2,"35":1,"36":1,"37":2,"38":1,"39":2,"40":1,"41":1,"42":4,"43":4,"44":4},"f":{"0":1,"1":2,"2":5,"3":6,"4":4,"5":1,"6":2},"b":{"0":[4,4],"1":[1,0],"2":[1,1],"3":[1,4],"4":[1,3],"5":[1,2],"6":[1,0]}}
,"C:\\Users\\manue\\Documents\\Unidad_3_R1\\lenios-rellenos-app\\backend\\src\\services\\product.service.ts": {"path":"C:\\Users\\manue\\Documents\\Unidad_3_R1\\lenios-rellenos-app\\backend\\src\\services\\product.service.ts","statementMap":{"0":{"start":{"line":1,"column":0},"end":{"line":1,"column":31}},"1":{"start":{"line":9,"column":24},"end":{"line":16,"column":10}},"2":{"start":{"line":18,"column":4},"end":{"line":23,"column":7}},"3":{"start":{"line":30,"column":4},"end":{"line":32,"column":7}},"4":{"start":{"line":40,"column":21},"end":{"line":40,"column":50}},"5":{"start":{"line":41,"column":4},"end":{"line":43,"column":5}},"6":{"start":{"line":42,"column":6},"end":{"line":42,"column":18}},"7":{"start":{"line":45,"column":4},"end":{"line":48,"column":7}},"8":{"start":{"line":55,"column":4},"end":{"line":64,"column":7}},"9":{"start":{"line":71,"column":21},"end":{"line":71,"column":50}},"10":{"start":{"line":72,"column":4},"end":{"line":74,"column":5}},"11":{"start":{"line":73,"column":6},"end":{"line":73,"column":18}},"12":{"start":{"line":76,"column":4},"end":{"line":79,"column":7}},"13":{"start":{"line":86,"column":21},"end":{"line":86,"column":50}},"14":{"start":{"line":87,"column":4},"end":{"line":89,"column":5}},"15":{"start":{"line":88,"column":6},"end":{"line":88,"column":18}},"16":{"start":{"line":91,"column":4},"end":{"line":94,"column":7}},"17":{"start":{"line":101,"column":21},"end":{"line":101,"column":50}},"18":{"start":{"line":102,"column":4},"end":{"line":104,"column":5}},"19":{"start":{"line":103,"column":6},"end":{"line":103,"column":18}},"20":{"start":{"line":106,"column":4},"end":{"line":108,"column":7}},"21":{"start":{"line":4,"column":0},"end":{"line":4,"column":13}},"22":{"start":{"line":112,"column":13},"end":{"line":112,"column":51}},"23":{"start":{"line":113,"column":0},"end":{"line":113,"column":30}}},"fnMap":{"0":{"name":"(anonymous_1)","decl":{"start":{"line":8,"column":2},"end":{"line":8,"column":7}},"loc":{"start":{"line":8,"column":53},"end":{"line":24,"column":3}}},"1":{"name":"(anonymous_2)","decl":{"start":{"line":29,"column":2},"end":{"line":29,"column":7}},"loc":{"start":{"line":29,"column":33},"end":{"line":33,"column":3}}},"2":{"name":"(anonymous_3)","decl":{"start":{"line":38,"column":2},"end":{"line":38,"column":7}},"loc":{"start":{"line":38,"column":45},"end":{"line":49,"column":3}}},"3":{"name":"(anonymous_4)","decl":{"start":{"line":54,"column":2},"end":{"line":54,"column":7}},"loc":{"start":{"line":54,"column":46},"end":{"line":65,"column":3}}},"4":{"name":"(anonymous_5)","decl":{"start":{"line":70,"column":2},"end":{"line":70,"column":7}},"loc":{"start":{"line":70,"column":58},"end":{"line":80,"column":3}}},"5":{"name":"(anonymous_6)","decl":{"start":{"line":85,"column":2},"end":{"line":85,"column":7}},"loc":{"start":{"line":85,"column":31},"end":{"line":95,"column":3}}},"6":{"name":"(anonymous_7)","decl":{"start":{"line":100,"column":2},"end":{"line":100,"column":7}},"loc":{"start":{"line":100,"column":32},"end":{"line":109,"column":3}}}},"branchMap":{"0":{"loc":{"start":{"line":8,"column":23},"end":{"line":8,"column":53}},"type":"default-arg","locations":[{"start":{"line":8,"column":48},"end":{"line":8,"column":53}}]},"1":{"loc":{"start":{"line":9,"column":24},"end":{"line":16,"column":10}},"type":"cond-expr","locations":[{"start":{"line":10,"column":8},"end":{"line":15,"column":null}},{"start":{"line":16,"column":8},"end":{"line":16,"column":10}}]},"2":{"loc":{"start":{"line":41,"column":4},"end":{"line":43,"column":5}},"type":"if","locations":[{"start":{"line":41,"column":4},"end":{"line":43,"column":5}},{"start":{},"end":{}}]},"3":{"loc":{"start":{"line":72,"column":4},"end":{"line":74,"column":5}},"type":"if","locations":[{"start":{"line":72,"column":4},"end":{"line":74,"column":5}},{"start":{},"end":{}}]},"4":{"loc":{"start":{"line":87,"column":4},"end":{"line":89,"column":5}},"type":"if","locations":[{"start":{"line":87,"column":4},"end":{"line":89,"column":5}},{"start":{},"end":{}}]},"5":{"loc":{"start":{"line":102,"column":4},"end":{"line":104,"column":5}},"type":"if","locations":[{"start":{"line":102,"column":4},"end":{"line":104,"column":5}},{"start":{},"end":{}}]}},"s":{"0":4,"1":4,"2":4,"3":6,"4":2,"5":2,"6":1,"7":1,"8":1,"9":0,"10":0,"11":0,"12":0,"13":1,"14":1,"15":0,"16":1,"17":1,"18":1,"19":0,"20":1,"21":4,"22":4,"23":4},"f":{"0":4,"1":6,"2":2,"3":1,"4":0,"5":1,"6":1},"b":{"0":[0],"1":[1,3],"2":[1,1],"3":[0,0],"4":[0,1],"5":[0,1]}}
,"C:\\Users\\manue\\Documents\\Unidad_3_R1\\lenios-rellenos-app\\backend\\src\\utils\\jwt.utils.ts": {"path":"C:\\Users\\manue\\Documents\\Unidad_3_R1\\lenios-rellenos-app\\backend\\src\\utils\\jwt.utils.ts","statementMap":{"0":{"start":{"line":1,"column":0},"end":{"line":1,"column":48}},"1":{"start":{"line":3,"column":19},"end":{"line":3,"column":79}},"2":{"start":{"line":4,"column":24},"end":{"line":4,"column":59}},"3":{"start":{"line":14,"column":29},"end":{"line":19,"column":1}},"4":{"start":{"line":15,"column":31},"end":{"line":17,"column":4}},"5":{"start":{"line":18,"column":2},"end":{"line":18,"column":48}},"6":{"start":{"line":14,"column":13},"end":{"line":14,"column":29}},"7":{"start":{"line":24,"column":27},"end":{"line":26,"column":1}},"8":{"start":{"line":25,"column":2},"end":{"line":25,"column":55}},"9":{"start":{"line":24,"column":13},"end":{"line":24,"column":27}}},"fnMap":{"0":{"name":"(anonymous_1)","decl":{"start":{"line":14,"column":29},"end":{"line":14,"column":30}},"loc":{"start":{"line":14,"column":63},"end":{"line":19,"column":1}}},"1":{"name":"(anonymous_2)","decl":{"start":{"line":24,"column":27},"end":{"line":24,"column":28}},"loc":{"start":{"line":24,"column":59},"end":{"line":26,"column":1}}}},"branchMap":{"0":{"loc":{"start":{"line":3,"column":19},"end":{"line":3,"column":79}},"type":"binary-expr","locations":[{"start":{"line":3,"column":19},"end":{"line":3,"column":41}},{"start":{"line":3,"column":45},"end":{"line":3,"column":79}}]},"1":{"loc":{"start":{"line":4,"column":24},"end":{"line":4,"column":59}},"type":"binary-expr","locations":[{"start":{"line":4,"column":24},"end":{"line":4,"column":50}},{"start":{"line":4,"column":54},"end":{"line":4,"column":59}}]}},"s":{"0":4,"1":4,"2":4,"3":4,"4":2,"5":2,"6":4,"7":4,"8":9,"9":4},"f":{"0":2,"1":9},"b":{"0":[4,4],"1":[4,4]}}
,"C:\\Users\\manue\\Documents\\Unidad_3_R1\\lenios-rellenos-app\\backend\\src\\validators\\admin-product.validator.ts": {"path":"C:\\Users\\manue\\Documents\\Unidad_3_R1\\lenios-rellenos-app\\backend\\src\\validators\\admin-product.validator.ts","statementMap":{"0":{"start":{"line":1,"column":0},"end":{"line":1,"column":24}},"1":{"start":{"line":3,"column":13},"end":{"line":8,"column":3}},"2":{"start":{"line":10,"column":13},"end":{"line":26,"column":3}},"3":{"start":{"line":28,"column":13},"end":{"line":28,"column":65}}},"fnMap":{},"branchMap":{},"s":{"0":4,"1":4,"2":4,"3":4},"f":{},"b":{}}
,"C:\\Users\\manue\\Documents\\Unidad_3_R1\\lenios-rellenos-app\\backend\\src\\validators\\auth.validator.ts": {"path":"C:\\Users\\manue\\Documents\\Unidad_3_R1\\lenios-rellenos-app\\backend\\src\\validators\\auth.validator.ts","statementMap":{"0":{"start":{"line":1,"column":0},"end":{"line":1,"column":24}},"1":{"start":{"line":3,"column":13},"end":{"line":11,"column":3}}},"fnMap":{},"branchMap":{},"s":{"0":4,"1":4},"f":{},"b":{}}
,"C:\\Users\\manue\\Documents\\Unidad_3_R1\\lenios-rellenos-app\\backend\\src\\validators\\order.validator.ts": {"path":"C:\\Users\\manue\\Documents\\Unidad_3_R1\\lenios-rellenos-app\\backend\\src\\validators\\order.validator.ts","statementMap":{"0":{"start":{"line":1,"column":0},"end":{"line":1,"column":24}},"1":{"start":{"line":3,"column":13},"end":{"line":12,"column":3}},"2":{"start":{"line":14,"column":13},"end":{"line":27,"column":3}}},"fnMap":{},"branchMap":{},"s":{"0":4,"1":4,"2":4},"f":{},"b":{}}
}
