TN:
SF:src\app.ts
FN:9,(anonymous_1)
FN:17,(anonymous_2)
FNF:2
FNH:1
FNDA:4,(anonymous_1)
FNDA:0,(anonymous_2)
DA:1,4
DA:2,4
DA:3,4
DA:4,4
DA:5,4
DA:6,4
DA:7,4
DA:9,4
DA:10,4
DA:13,4
DA:14,4
DA:17,4
DA:18,0
DA:22,4
DA:23,4
DA:24,4
DA:25,4
DA:26,4
DA:28,4
DA:31,4
DA:32,4
LF:21
LH:20
BRF:0
BRH:0
end_of_record
TN:
SF:src\controllers\admin-product.controller.ts
FN:14,(anonymous_1)
FN:27,(anonymous_2)
FN:53,(anonymous_3)
FN:67,(anonymous_4)
FN:73,(anonymous_5)
FN:95,(anonymous_6)
FN:109,(anonymous_7)
FN:132,(anonymous_8)
FN:159,(anonymous_9)
FNF:9
FNH:6
FNDA:4,(anonymous_1)
FNDA:1,(anonymous_2)
FNDA:1,(anonymous_3)
FNDA:1,(anonymous_4)
FNDA:0,(anonymous_5)
FNDA:0,(anonymous_6)
FNDA:0,(anonymous_7)
FNDA:1,(anonymous_8)
FNDA:1,(anonymous_9)
DA:2,4
DA:7,4
DA:9,4
DA:15,4
DA:16,4
DA:17,4
DA:19,4
DA:20,1
DA:21,1
DA:24,3
DA:25,3
DA:26,1
DA:27,1
DA:28,1
DA:32,1
DA:35,2
DA:37,2
DA:38,1
DA:39,1
DA:42,1
DA:44,0
DA:45,0
DA:54,1
DA:55,1
DA:56,1
DA:58,0
DA:59,0
DA:68,1
DA:69,1
DA:70,1
DA:71,0
DA:72,0
DA:73,0
DA:76,0
DA:79,1
DA:80,1
DA:82,0
DA:83,0
DA:84,0
DA:86,0
DA:87,0
DA:96,0
DA:97,0
DA:98,0
DA:100,0
DA:101,0
DA:102,0
DA:105,0
DA:106,0
DA:107,0
DA:108,0
DA:109,0
DA:112,0
DA:115,0
DA:116,0
DA:117,0
DA:118,0
DA:121,0
DA:123,0
DA:124,0
DA:133,1
DA:134,1
DA:135,1
DA:137,1
DA:138,0
DA:139,0
DA:142,1
DA:143,1
DA:144,0
DA:145,0
DA:148,1
DA:150,0
DA:151,0
DA:160,1
DA:161,1
DA:162,1
DA:164,1
DA:165,0
DA:166,0
DA:169,1
DA:170,1
DA:171,0
DA:172,0
DA:175,1
DA:177,0
DA:178,0
DA:183,4
DA:184,4
LF:88
LH:44
BRDA:19,0,0,1
BRDA:19,0,1,3
BRDA:19,1,0,4
BRDA:19,1,1,3
BRDA:19,1,2,3
BRDA:25,2,0,1
BRDA:25,2,1,2
BRDA:26,3,0,1
BRDA:26,3,1,0
BRDA:26,3,2,0
BRDA:37,4,0,1
BRDA:37,4,1,1
BRDA:70,5,0,0
BRDA:70,5,1,1
BRDA:71,6,0,0
BRDA:71,6,1,0
BRDA:71,6,2,0
BRDA:82,7,0,0
BRDA:82,7,1,0
BRDA:100,8,0,0
BRDA:100,8,1,0
BRDA:100,9,0,0
BRDA:100,9,1,0
BRDA:100,9,2,0
BRDA:106,10,0,0
BRDA:106,10,1,0
BRDA:107,11,0,0
BRDA:107,11,1,0
BRDA:107,11,2,0
BRDA:116,12,0,0
BRDA:116,12,1,0
BRDA:137,13,0,0
BRDA:137,13,1,1
BRDA:137,14,0,1
BRDA:137,14,1,1
BRDA:137,14,2,1
BRDA:143,15,0,0
BRDA:143,15,1,1
BRDA:164,16,0,0
BRDA:164,16,1,1
BRDA:164,17,0,1
BRDA:164,17,1,1
BRDA:164,17,2,1
BRDA:170,18,0,0
BRDA:170,18,1,1
BRF:45
BRH:21
end_of_record
TN:
SF:src\controllers\ai.controller.ts
FN:30,(anonymous_1)
FN:31,(anonymous_2)
FN:34,generarRespuesta
FN:45,(anonymous_4)
FN:46,(anonymous_5)
FN:49,(anonymous_6)
FN:50,(anonymous_7)
FN:52,(anonymous_8)
FN:54,(anonymous_9)
FN:54,(anonymous_10)
FN:72,(anonymous_11)
FN:73,(anonymous_12)
FN:78,(anonymous_13)
FN:83,(anonymous_14)
FN:89,(anonymous_15)
FN:105,(anonymous_16)
FN:105,(anonymous_17)
FN:106,(anonymous_18)
FN:106,(anonymous_19)
FN:113,(anonymous_20)
FN:114,(anonymous_21)
FNF:21
FNH:0
FNDA:0,(anonymous_1)
FNDA:0,(anonymous_2)
FNDA:0,generarRespuesta
FNDA:0,(anonymous_4)
FNDA:0,(anonymous_5)
FNDA:0,(anonymous_6)
FNDA:0,(anonymous_7)
FNDA:0,(anonymous_8)
FNDA:0,(anonymous_9)
FNDA:0,(anonymous_10)
FNDA:0,(anonymous_11)
FNDA:0,(anonymous_12)
FNDA:0,(anonymous_13)
FNDA:0,(anonymous_14)
FNDA:0,(anonymous_15)
FNDA:0,(anonymous_16)
FNDA:0,(anonymous_17)
FNDA:0,(anonymous_18)
FNDA:0,(anonymous_19)
FNDA:0,(anonymous_20)
FNDA:0,(anonymous_21)
DA:2,4
DA:3,4
DA:4,4
DA:7,4
DA:13,4
DA:21,4
DA:22,4
DA:30,4
DA:31,4
DA:35,0
DA:38,0
DA:39,0
DA:40,0
DA:41,0
DA:42,0
DA:45,0
DA:46,0
DA:49,0
DA:50,0
DA:51,0
DA:52,0
DA:54,0
DA:55,0
DA:59,0
DA:60,0
DA:63,0
DA:64,0
DA:67,0
DA:68,0
DA:71,0
DA:72,0
DA:73,0
DA:74,0
DA:77,0
DA:78,0
DA:79,0
DA:83,0
DA:84,0
DA:86,0
DA:89,4
DA:90,0
DA:91,0
DA:92,0
DA:94,0
DA:97,0
DA:98,0
DA:100,0
DA:105,0
DA:106,0
DA:112,0
DA:113,0
DA:114,0
DA:117,0
DA:118,0
DA:122,0
DA:123,0
DA:124,0
DA:128,0
DA:129,0
DA:131,0
DA:132,0
LF:61
LH:10
BRDA:55,0,0,0
BRDA:55,0,1,0
BRDA:59,1,0,0
BRDA:59,1,1,0
BRDA:63,2,0,0
BRDA:63,2,1,0
BRDA:67,3,0,0
BRDA:67,3,1,0
BRDA:71,4,0,0
BRDA:71,4,1,0
BRDA:73,5,0,0
BRDA:73,5,1,0
BRDA:77,6,0,0
BRDA:77,6,1,0
BRDA:84,7,0,0
BRDA:84,7,1,0
BRDA:86,8,0,0
BRDA:86,8,1,0
BRDA:128,9,0,0
BRDA:128,9,1,0
BRF:20
BRH:0
end_of_record
TN:
SF:src\controllers\auth.controller.ts
FN:10,(anonymous_1)
FN:16,(anonymous_2)
FNF:2
FNH:2
FNDA:5,(anonymous_1)
FNDA:2,(anonymous_2)
DA:2,4
DA:3,4
DA:5,4
DA:11,5
DA:12,5
DA:14,5
DA:15,2
DA:16,2
DA:17,2
DA:21,2
DA:24,3
DA:25,1
DA:27,2
DA:28,2
DA:29,2
DA:32,0
DA:33,0
DA:38,4
DA:39,4
LF:19
LH:17
BRDA:14,0,0,2
BRDA:14,0,1,3
BRDA:15,1,0,2
BRDA:15,1,1,0
BRDA:15,1,2,0
BRDA:27,2,0,2
BRDA:27,2,1,0
BRF:7
BRH:4
end_of_record
TN:
SF:src\controllers\order.controller.ts
FN:10,(anonymous_1)
FN:16,(anonymous_2)
FNF:2
FNH:2
FNDA:8,(anonymous_1)
FNDA:3,(anonymous_2)
DA:2,4
DA:3,4
DA:5,4
DA:11,8
DA:12,8
DA:14,8
DA:15,3
DA:16,3
DA:17,3
DA:21,3
DA:24,5
DA:25,1
DA:28,4
DA:33,3
DA:34,3
DA:37,1
DA:38,1
DA:43,4
DA:44,4
LF:19
LH:19
BRDA:14,0,0,3
BRDA:14,0,1,5
BRDA:15,1,0,3
BRDA:15,1,1,0
BRDA:15,1,2,0
BRDA:28,2,0,3
BRDA:28,2,1,1
BRDA:29,3,0,4
BRDA:29,3,1,3
BRDA:29,3,2,2
BRF:10
BRH:8
end_of_record
TN:
SF:src\controllers\product.controller.ts
FN:9,(anonymous_1)
FN:24,(anonymous_2)
FNF:2
FNH:2
FNDA:3,(anonymous_1)
FNDA:4,(anonymous_2)
DA:2,4
DA:4,4
DA:10,3
DA:11,3
DA:12,3
DA:13,2
DA:15,1
DA:16,1
DA:25,4
DA:26,4
DA:27,4
DA:30,4
DA:31,2
DA:34,2
DA:37,2
DA:39,2
DA:40,1
DA:43,1
DA:46,1
DA:48,0
DA:49,0
DA:54,4
DA:55,4
LF:23
LH:21
BRDA:30,0,0,2
BRDA:30,0,1,2
BRDA:30,1,0,4
BRDA:30,1,1,3
BRDA:39,2,0,1
BRDA:39,2,1,1
BRF:6
BRH:6
end_of_record
TN:
SF:src\middlewares\auth.middleware.ts
FN:11,(anonymous_0)
FNF:1
FNH:1
FNDA:10,(anonymous_0)
DA:2,4
DA:11,4
DA:16,10
DA:18,10
DA:19,1
DA:22,1
DA:25,9
DA:27,9
DA:28,9
DA:29,8
DA:30,8
DA:32,1
LF:12
LH:12
BRDA:18,0,0,1
BRDA:18,0,1,9
BRDA:18,1,0,10
BRDA:18,1,1,9
BRF:4
BRH:4
end_of_record
TN:
SF:src\routes\admin-product.routes.ts
FN:11,(anonymous_1)
FN:14,(anonymous_2)
FN:17,(anonymous_3)
FN:20,(anonymous_4)
FN:23,(anonymous_5)
FN:26,(anonymous_6)
FNF:6
FNH:5
FNDA:1,(anonymous_1)
FNDA:1,(anonymous_2)
FNDA:4,(anonymous_3)
FNDA:0,(anonymous_4)
FNDA:1,(anonymous_5)
FNDA:1,(anonymous_6)
DA:1,4
DA:2,4
DA:3,4
DA:5,4
DA:8,4
DA:11,4
DA:14,4
DA:17,4
DA:20,4
DA:23,4
DA:26,4
DA:28,4
LF:12
LH:12
BRF:0
BRH:0
end_of_record
TN:
SF:src\routes\ai.routes.ts
FNF:0
FNH:0
DA:1,4
DA:2,4
DA:3,4
DA:5,4
DA:8,4
DA:16,4
DA:18,4
LF:7
LH:7
BRF:0
BRH:0
end_of_record
TN:
SF:src\routes\auth.routes.ts
FN:7,(anonymous_1)
FNF:1
FNH:1
FNDA:5,(anonymous_1)
DA:1,4
DA:2,4
DA:4,4
DA:7,5
DA:9,4
LF:5
LH:5
BRF:0
BRH:0
end_of_record
TN:
SF:src\routes\order.routes.ts
FN:7,(anonymous_1)
FNF:1
FNH:1
FNDA:8,(anonymous_1)
DA:1,4
DA:2,4
DA:4,4
DA:7,8
DA:9,4
LF:5
LH:5
BRF:0
BRH:0
end_of_record
TN:
SF:src\routes\product.routes.ts
FN:7,(anonymous_1)
FN:10,(anonymous_2)
FNF:2
FNH:2
FNDA:3,(anonymous_1)
FNDA:4,(anonymous_2)
DA:1,4
DA:2,4
DA:4,4
DA:7,4
DA:10,4
DA:12,4
LF:6
LH:6
BRF:0
BRH:0
end_of_record
TN:
SF:src\services\auth.service.ts
FN:10,(anonymous_1)
FNF:1
FNH:1
FNDA:3,(anonymous_1)
DA:1,4
DA:2,4
DA:4,4
DA:6,4
DA:11,3
DA:14,3
DA:18,3
DA:19,1
DA:23,2
DA:24,2
DA:25,1
DA:29,1
DA:34,1
DA:45,4
DA:46,4
LF:15
LH:15
BRDA:18,0,0,1
BRDA:18,0,1,2
BRDA:24,1,0,1
BRDA:24,1,1,1
BRF:4
BRH:4
end_of_record
TN:
SF:src\services\order.service.ts
FN:18,(anonymous_1)
FN:28,(anonymous_2)
FN:55,(anonymous_3)
FN:59,(anonymous_4)
FN:66,(anonymous_5)
FN:102,(anonymous_6)
FN:124,(anonymous_7)
FNF:7
FNH:7
FNDA:1,(anonymous_1)
FNDA:2,(anonymous_2)
FNDA:5,(anonymous_3)
FNDA:6,(anonymous_4)
FNDA:4,(anonymous_5)
FNDA:1,(anonymous_6)
FNDA:2,(anonymous_7)
DA:1,4
DA:4,4
DA:14,4
DA:26,1
DA:29,2
DA:33,1
DA:34,1
DA:35,1
DA:36,1
DA:37,1
DA:38,1
DA:40,1
DA:41,1
DA:44,1
DA:46,1
DA:47,1
DA:49,1
DA:56,5
DA:59,6
DA:60,5
DA:66,4
DA:69,4
DA:70,4
DA:72,4
DA:73,5
DA:75,5
DA:76,1
DA:79,4
DA:80,1
DA:83,3
DA:84,1
DA:89,2
DA:90,2
DA:92,2
DA:102,1
DA:104,1
DA:105,2
DA:116,1
DA:124,2
DA:142,1
DA:151,1
DA:159,4
DA:160,4
LF:43
LH:43
BRDA:4,0,0,4
BRDA:4,0,1,4
BRDA:40,1,0,1
BRDA:40,1,1,0
BRDA:40,2,0,1
BRDA:40,2,1,1
BRDA:75,3,0,1
BRDA:75,3,1,4
BRDA:79,4,0,1
BRDA:79,4,1,3
BRDA:83,5,0,1
BRDA:83,5,1,2
BRDA:120,6,0,1
BRDA:120,6,1,0
BRF:14
BRH:12
end_of_record
TN:
SF:src\services\product.service.ts
FN:8,(anonymous_1)
FN:29,(anonymous_2)
FN:38,(anonymous_3)
FN:54,(anonymous_4)
FN:70,(anonymous_5)
FN:85,(anonymous_6)
FN:100,(anonymous_7)
FNF:7
FNH:6
FNDA:4,(anonymous_1)
FNDA:6,(anonymous_2)
FNDA:2,(anonymous_3)
FNDA:1,(anonymous_4)
FNDA:0,(anonymous_5)
FNDA:1,(anonymous_6)
FNDA:1,(anonymous_7)
DA:1,4
DA:4,4
DA:9,4
DA:18,4
DA:30,6
DA:40,2
DA:41,2
DA:42,1
DA:45,1
DA:55,1
DA:71,0
DA:72,0
DA:73,0
DA:76,0
DA:86,1
DA:87,1
DA:88,0
DA:91,1
DA:101,1
DA:102,1
DA:103,0
DA:106,1
DA:112,4
DA:113,4
LF:24
LH:18
BRDA:8,0,0,0
BRDA:9,1,0,1
BRDA:9,1,1,3
BRDA:41,2,0,1
BRDA:41,2,1,1
BRDA:72,3,0,0
BRDA:72,3,1,0
BRDA:87,4,0,0
BRDA:87,4,1,1
BRDA:102,5,0,0
BRDA:102,5,1,1
BRF:11
BRH:6
end_of_record
TN:
SF:src\utils\jwt.utils.ts
FN:14,(anonymous_1)
FN:24,(anonymous_2)
FNF:2
FNH:2
FNDA:2,(anonymous_1)
FNDA:9,(anonymous_2)
DA:1,4
DA:3,4
DA:4,4
DA:14,4
DA:15,2
DA:18,2
DA:24,4
DA:25,9
LF:8
LH:8
BRDA:3,0,0,4
BRDA:3,0,1,4
BRDA:4,1,0,4
BRDA:4,1,1,4
BRF:4
BRH:4
end_of_record
TN:
SF:src\validators\admin-product.validator.ts
FNF:0
FNH:0
DA:1,4
DA:3,4
DA:10,4
DA:28,4
LF:4
LH:4
BRF:0
BRH:0
end_of_record
TN:
SF:src\validators\auth.validator.ts
FNF:0
FNH:0
DA:1,4
DA:3,4
LF:2
LH:2
BRF:0
BRH:0
end_of_record
TN:
SF:src\validators\order.validator.ts
FNF:0
FNH:0
DA:1,4
DA:3,4
DA:14,4
LF:3
LH:3
BRF:0
BRH:0
end_of_record
